<?xml version="1.0" encoding="UTF-8"?>
<!-- Generated by org.testng.reporters.JUnitXMLReporter -->
<testsuite ignored="0" hostname="DESKTOP-84VHTLC" failures="2" tests="2" name="Command line test" time="3.114" errors="0" timestamp="30 Nov 2019 17:48:15 GMT">
  <testcase classname="cucumber.api.testng.AbstractTestNGCucumberTests" name="feature" time="1.228">
    <failure type="cucumber.runtime.CucumberException" message="java.lang.NullPointerException">
      <![CDATA[cucumber.runtime.CucumberException: java.lang.NullPointerException
at cucumber.api.testng.TestNGCucumberRunner.runCucumber(TestNGCucumberRunner.java:69)
at cucumber.api.testng.AbstractTestNGCucumberTests.feature(AbstractTestNGCucumberTests.java:21)
Caused by: java.lang.NullPointerException
at applitools.utils.BaseUtils.screenshot(BaseUtils.java:209)
at applitools.utils.BaseUtils.click(BaseUtils.java:186)
at applitools.pageobjects.LoginPage.clickOnLogin(LoginPage.java:62)
at applitools.stepdefinitions.TraditionalTestStepDefinitions.click_on_login(TraditionalTestStepDefinitions.java:48)
at ✽.When Click on Login(TraditionalTest.feature:10)
... Removed 35 stack frames]]>
    </failure>
  </testcase> <!-- feature -->
  <testcase classname="cucumber.api.testng.AbstractTestNGCucumberTests" name="feature" time="0.091">
    <failure type="cucumber.runtime.CucumberException" message="java.lang.NullPointerException">
      <![CDATA[cucumber.runtime.CucumberException: java.lang.NullPointerException
at cucumber.api.testng.TestNGCucumberRunner.runCucumber(TestNGCucumberRunner.java:69)
at cucumber.api.testng.AbstractTestNGCucumberTests.feature(AbstractTestNGCucumberTests.java:21)
Caused by: java.lang.NullPointerException
at applitools.stepdefinitions.VisualAITestStepDefinitions.launch_the_demo_app_version2(VisualAITestStepDefinitions.java:30)
at ✽.Given Launch the Demo APP version2(VisualAITest.feature:9)
... Removed 35 stack frames]]>
    </failure>
  </testcase> <!-- feature -->
</testsuite> <!-- Command line test -->
