<?xml version="1.0" encoding="UTF-8"?>
<testng-results ignored="0" total="1" passed="1" failed="0" skipped="0">
  <reporter-output>
  </reporter-output>
  <suite started-at="2019-11-30T19:50:14Z" name="Default suite" finished-at="2019-11-30T19:54:55Z" duration-ms="281150">
    <groups>
    </groups>
    <test started-at="2019-11-30T19:50:14Z" name="Default test" finished-at="2019-11-30T19:54:55Z" duration-ms="281150">
      <class name="applitools.testrunner.TestRunner">
        <test-method signature="executeTest()[pri:0, instance:applitools.testrunner.TestRunner@79da8dc5]" started-at="2019-11-30T19:50:14Z" name="executeTest" finished-at="2019-11-30T19:54:55Z" duration-ms="281046" status="PASS">
          <reporter-output>
          </reporter-output>
        </test-method> <!-- executeTest -->
      </class> <!-- applitools.testrunner.TestRunner -->
    </test> <!-- Default test -->
  </suite> <!-- Default suite -->
</testng-results>
